<?xml version="1.0" encoding="utf-8" standalone="no"?>
<!--This file represents the results of running a test suite-->
<test-results name="E:\projects\ermeX.Gateway\Code\Components\ermeX.Gateway\ermeX.Gateway.nunit" total="1" errors="1" failures="0" not-run="0" inconclusive="0" ignored="0" skipped="0" invalid="0" date="2013-03-11" time="20:10:06">
  <environment nunit-version="2.5.6.10205" clr-version="2.0.50727.6400" os-version="Microsoft Windows NT 6.2.9200.0" platform="Win32NT" cwd="E:\projects\ermeX.Gateway\Utilities" machine-name="THINK-PC" user="Patrick Dinh" user-domain="Think-PC" />
  <culture-info current-culture="en-GB" current-uiculture="en-GB" />
  <test-suite type="Project" name="E:\projects\ermeX.Gateway\Code\Components\ermeX.Gateway\ermeX.Gateway.nunit" executed="True" result="Failure" success="False" time="0.938" asserts="0">
    <results>
      <test-suite type="Assembly" name="E:\projects\ermeX.Gateway\Code\Components\ermeX.Gateway\ermeX.Gateway.Test.CodeGenTests\bin\x64\Debug\ermeX.Gateway.Test.CodeGenTests.dll" executed="True" result="Failure" success="False" time="0.922" asserts="0">
        <results>
          <test-suite type="Namespace" name="ermeX" executed="True" result="Failure" success="False" time="0.922" asserts="0">
            <results>
              <test-suite type="Namespace" name="Gateway" executed="True" result="Failure" success="False" time="0.922" asserts="0">
                <results>
                  <test-suite type="Namespace" name="Test" executed="True" result="Failure" success="False" time="0.922" asserts="0">
                    <results>
                      <test-suite type="Namespace" name="ModelGeneratorTester" executed="True" result="Failure" success="False" time="0.922" asserts="0">
                        <results>
                          <test-suite type="TestFixture" name="ModelGeneratorTester" executed="True" result="Failure" success="False" time="0.828" asserts="0">
                            <results>
                              <test-case name="ermeX.Gateway.Test.ModelGeneratorTester.ModelGeneratorTester.Generate_Model_From_Wsdl" executed="True" result="Error" success="False" time="0.828" asserts="0">
                                <failure>
                                  <message><![CDATA[System.InvalidOperationException : Sequence contains no matching element]]></message>
                                  <stack-trace><![CDATA[at System.Linq.Enumerable.First[TSource](IEnumerable`1 source, Func`2 predicate)
at ermeX.Gateway.CodeGen.Restful.ModelGenerator.GenerateBinding(IEnumerable`1 bindingElements) in E:\projects\ermeX.Gateway\Code\Components\ermeX.Gateway\ermeX.Gateway.CodeGen.Restful\ModelGenerator.cs:line 111
at ermeX.Gateway.CodeGen.Restful.ModelGenerator.GenerateModel() in E:\projects\ermeX.Gateway\Code\Components\ermeX.Gateway\ermeX.Gateway.CodeGen.Restful\ModelGenerator.cs:line 44
at ermeX.Gateway.Test.ModelGeneratorTester.ModelGeneratorTester.Generate_Model_From_Wsdl() in E:\projects\ermeX.Gateway\Code\Components\ermeX.Gateway\ermeX.Gateway.Test.CodeGenTests\ModelGeneratorTester.cs:line 28
]]></stack-trace>
                                </failure>
                              </test-case>
                            </results>
                          </test-suite>
                        </results>
                      </test-suite>
                    </results>
                  </test-suite>
                </results>
              </test-suite>
            </results>
          </test-suite>
        </results>
      </test-suite>
    </results>
  </test-suite>
</test-results>